Total Trade Count: 309
Total Stocks Transacted: 309
Total Amount Bought: $6847.9473
Total Amount Sold: $5388.539
Networth: $-379.97986
Account: $-1459.4075
Summary of trades:
Amount: 1, Action: SELL, StockId: 12, Price: 193.6449
Amount: 1, Action: SELL, StockId: 3, Price: 11.5226
Amount: 1, Action: BUY, StockId: 20, Price: 26.1535
Amount: 1, Action: SELL, StockId: 12, Price: 193.9138
Amount: 1, Action: SELL, StockId: 2, Price: 74.6704
Amount: 1, Action: SELL, StockId: 9, Price: 20.9486
Amount: 1, Action: BUY, StockId: 25, Price: 52.2666
Amount: 1, Action: SELL, StockId: 22, Price: 68.574
Amount: 1, Action: BUY, StockId: 22, Price: 68.584
Amount: 1, Action: BUY, StockId: 29, Price: 88.9617
Amount: 1, Action: SELL, StockId: 0, Price: 8.8701
Amount: 1, Action: BUY, StockId: 2, Price: 74.9188
Amount: 1, Action: BUY, StockId: 11, Price: 15.8001
Amount: 1, Action: BUY, StockId: 13, Price: 21.6276
Amount: 1, Action: BUY, StockId: 15, Price: 45.91
Amount: 1, Action: BUY, StockId: 30, Price: 133.6649
Amount: 1, Action: SELL, StockId: 17, Price: 90.5098
Amount: 1, Action: BUY, StockId: 10, Price: 63.3119
Amount: 1, Action: SELL, StockId: 24, Price: 74.2185
Amount: 1, Action: BUY, StockId: 27, Price: 43.23
Amount: 1, Action: BUY, StockId: 1, Price: 60.99
Amount: 1, Action: BUY, StockId: 11, Price: 15.8497
Amount: 1, Action: SELL, StockId: 15, Price: 46.04
Amount: 1, Action: BUY, StockId: 17, Price: 90.8372
Amount: 1, Action: BUY, StockId: 6, Price: 110.9562
Amount: 1, Action: BUY, StockId: 18, Price: 95.8481
Amount: 1, Action: BUY, StockId: 19, Price: 42.8074
Amount: 1, Action: SELL, StockId: 26, Price: 84.6238
Amount: 1, Action: BUY, StockId: 27, Price: 43.35
Amount: 1, Action: BUY, StockId: 12, Price: 193.396
Amount: 1, Action: SELL, StockId: 0, Price: 8.8801
Amount: 1, Action: SELL, StockId: 16, Price: 36.476
Amount: 1, Action: SELL, StockId: 22, Price: 68.6038
Amount: 1, Action: BUY, StockId: 21, Price: 26.3894
Amount: 1, Action: BUY, StockId: 25, Price: 52.3264
Amount: 1, Action: BUY, StockId: 3, Price: 11.5496
Amount: 1, Action: BUY, StockId: 4, Price: 95.11
Amount: 1, Action: SELL, StockId: 5, Price: 20.46
Amount: 1, Action: SELL, StockId: 13, Price: 21.7314
Amount: 1, Action: BUY, StockId: 10, Price: 63.2522
Amount: 1, Action: SELL, StockId: 17, Price: 90.7083
Amount: 1, Action: SELL, StockId: 18, Price: 95.6294
Amount: 1, Action: SELL, StockId: 22, Price: 68.5443
Amount: 1, Action: BUY, StockId: 23, Price: 34.25
Amount: 1, Action: SELL, StockId: 27, Price: 43.34
Amount: 1, Action: SELL, StockId: 24, Price: 74.3378
Amount: 1, Action: SELL, StockId: 28, Price: 68.2
Amount: 1, Action: SELL, StockId: 30, Price: 133.7543
Amount: 1, Action: SELL, StockId: 22, Price: 68.5145
Amount: 1, Action: SELL, StockId: 16, Price: 36.5256
Amount: 1, Action: BUY, StockId: 29, Price: 88.8722
Amount: 1, Action: SELL, StockId: 2, Price: 74.5511
Amount: 1, Action: BUY, StockId: 9, Price: 20.9684
Amount: 1, Action: SELL, StockId: 8, Price: 50.46
Amount: 1, Action: SELL, StockId: 21, Price: 26.3794
Amount: 1, Action: SELL, StockId: 16, Price: 36.5355
Amount: 1, Action: BUY, StockId: 8, Price: 50.5
Amount: 1, Action: BUY, StockId: 25, Price: 52.6452
Amount: 1, Action: SELL, StockId: 0, Price: 8.8901
Amount: 1, Action: SELL, StockId: 6, Price: 110.847
Amount: 1, Action: BUY, StockId: 8, Price: 50.56
Amount: 1, Action: BUY, StockId: 11, Price: 15.9988
Amount: 1, Action: SELL, StockId: 13, Price: 21.7611
Amount: 1, Action: BUY, StockId: 12, Price: 193.874
Amount: 1, Action: BUY, StockId: 17, Price: 90.7876
Amount: 1, Action: SELL, StockId: 19, Price: 42.8272
Amount: 1, Action: SELL, StockId: 18, Price: 95.7487
Amount: 1, Action: BUY, StockId: 26, Price: 84.7829
Amount: 1, Action: SELL, StockId: 28, Price: 68.2
Amount: 1, Action: BUY, StockId: 30, Price: 133.9333
Amount: 1, Action: SELL, StockId: 13, Price: 21.7463
Amount: 1, Action: BUY, StockId: 1, Price: 61.25
Amount: 1, Action: SELL, StockId: 14, Price: 71.8156
Amount: 1, Action: SELL, StockId: 17, Price: 90.738
Amount: 1, Action: SELL, StockId: 16, Price: 36.605
Amount: 1, Action: BUY, StockId: 18, Price: 95.7388
Amount: 1, Action: SELL, StockId: 23, Price: 34.36
Amount: 1, Action: SELL, StockId: 22, Price: 68.6534
Amount: 1, Action: SELL, StockId: 28, Price: 68.2
Amount: 1, Action: BUY, StockId: 29, Price: 88.9915
Amount: 1, Action: BUY, StockId: 1, Price: 61.26
Amount: 1, Action: SELL, StockId: 26, Price: 84.763
Amount: 1, Action: BUY, StockId: 13, Price: 21.7562
Amount: 1, Action: BUY, StockId: 28, Price: 68.2696
Amount: 1, Action: BUY, StockId: 27, Price: 43.31
Amount: 1, Action: BUY, StockId: 17, Price: 90.8273
Amount: 1, Action: SELL, StockId: 24, Price: 74.3179
Amount: 1, Action: BUY, StockId: 11, Price: 16.0187
Amount: 1, Action: BUY, StockId: 18, Price: 95.6493
Amount: 1, Action: SELL, StockId: 25, Price: 52.7149
Amount: 1, Action: BUY, StockId: 12, Price: 193.6947
Amount: 1, Action: SELL, StockId: 2, Price: 74.6008
Amount: 1, Action: BUY, StockId: 3, Price: 11.6096
Amount: 1, Action: BUY, StockId: 9, Price: 21.0279
Amount: 1, Action: SELL, StockId: 2, Price: 75.2268
Amount: 1, Action: BUY, StockId: 9, Price: 21.0279
Amount: 1, Action: BUY, StockId: 13, Price: 21.8353
Amount: 1, Action: BUY, StockId: 11, Price: 16.3267
Amount: 1, Action: SELL, StockId: 15, Price: 45.6
Amount: 1, Action: BUY, StockId: 17, Price: 91.0753
Amount: 1, Action: BUY, StockId: 14, Price: 71.9148
Amount: 1, Action: BUY, StockId: 22, Price: 69.0006
Amount: 1, Action: BUY, StockId: 3, Price: 11.4197
Amount: 1, Action: SELL, StockId: 20, Price: 26.6593
Amount: 1, Action: SELL, StockId: 22, Price: 69.0403
Amount: 1, Action: BUY, StockId: 14, Price: 71.9544
Amount: 1, Action: BUY, StockId: 4, Price: 94.58
Amount: 1, Action: SELL, StockId: 1, Price: 61.0
Amount: 1, Action: SELL, StockId: 5, Price: 20.79
Amount: 1, Action: SELL, StockId: 18, Price: 96.0568
Amount: 1, Action: SELL, StockId: 10, Price: 63.3915
Amount: 1, Action: BUY, StockId: 26, Price: 84.9519
Amount: 1, Action: SELL, StockId: 27, Price: 42.97
Amount: 1, Action: SELL, StockId: 16, Price: 36.6348
Amount: 1, Action: BUY, StockId: 22, Price: 69.0799
Amount: 1, Action: SELL, StockId: 16, Price: 36.6348
Amount: 1, Action: BUY, StockId: 21, Price: 26.4488
Amount: 1, Action: SELL, StockId: 9, Price: 20.9585
Amount: 1, Action: BUY, StockId: 8, Price: 50.38
Amount: 1, Action: BUY, StockId: 12, Price: 191.4342
Amount: 1, Action: SELL, StockId: 22, Price: 69.3974
Amount: 1, Action: BUY, StockId: 20, Price: 26.5849
Amount: 1, Action: SELL, StockId: 25, Price: 52.9839
Amount: 1, Action: BUY, StockId: 9, Price: 20.9486
Amount: 1, Action: SELL, StockId: 2, Price: 75.6342
Amount: 1, Action: BUY, StockId: 8, Price: 50.62
Amount: 1, Action: BUY, StockId: 16, Price: 36.6745
Amount: 1, Action: BUY, StockId: 20, Price: 26.7783
Amount: 1, Action: BUY, StockId: 21, Price: 26.5083
Amount: 1, Action: SELL, StockId: 8, Price: 50.7
Amount: 1, Action: BUY, StockId: 3, Price: 11.4597
Amount: 1, Action: BUY, StockId: 1, Price: 61.29
Amount: 1, Action: SELL, StockId: 4, Price: 94.43
Amount: 1, Action: BUY, StockId: 7, Price: 45.9148
Amount: 1, Action: BUY, StockId: 10, Price: 63.2622
Amount: 1, Action: SELL, StockId: 11, Price: 16.8733
Amount: 1, Action: BUY, StockId: 13, Price: 21.6572
Amount: 1, Action: SELL, StockId: 18, Price: 96.6531
Amount: 1, Action: SELL, StockId: 19, Price: 43.0253
Amount: 1, Action: SELL, StockId: 27, Price: 42.59
Amount: 1, Action: BUY, StockId: 24, Price: 74.5069
Amount: 1, Action: BUY, StockId: 30, Price: 134.162
Amount: 1, Action: BUY, StockId: 22, Price: 69.1791
Amount: 1, Action: SELL, StockId: 29, Price: 88.9517
Amount: 1, Action: BUY, StockId: 22, Price: 69.1692
Amount: 1, Action: BUY, StockId: 29, Price: 88.9815
Amount: 1, Action: SELL, StockId: 14, Price: 72.1221
Amount: 1, Action: SELL, StockId: 2, Price: 76.0813
Amount: 1, Action: SELL, StockId: 25, Price: 53.3524
Amount: 1, Action: SELL, StockId: 0, Price: 8.8901
Amount: 1, Action: SELL, StockId: 9, Price: 21.0081
Amount: 1, Action: BUY, StockId: 14, Price: 72.0834
Amount: 1, Action: SELL, StockId: 25, Price: 53.3225
Amount: 1, Action: SELL, StockId: 29, Price: 88.9517
Amount: 1, Action: BUY, StockId: 16, Price: 36.7341
Amount: 1, Action: SELL, StockId: 21, Price: 26.4885
Amount: 1, Action: BUY, StockId: 29, Price: 88.9617
Amount: 1, Action: BUY, StockId: 20, Price: 26.6791
Amount: 1, Action: BUY, StockId: 0, Price: 8.9299
Amount: 1, Action: BUY, StockId: 9, Price: 20.9912
Amount: 1, Action: BUY, StockId: 15, Price: 45.97
Amount: 1, Action: SELL, StockId: 13, Price: 21.6721
Amount: 1, Action: SELL, StockId: 25, Price: 53.472
Amount: 1, Action: BUY, StockId: 24, Price: 74.5367
Amount: 1, Action: BUY, StockId: 26, Price: 85.3992
Amount: 1, Action: BUY, StockId: 19, Price: 42.946
Amount: 1, Action: SELL, StockId: 2, Price: 76.0813
Amount: 1, Action: SELL, StockId: 14, Price: 71.9247
Amount: 1, Action: SELL, StockId: 22, Price: 69.1395
Amount: 1, Action: BUY, StockId: 29, Price: 88.9219
Amount: 1, Action: BUY, StockId: 3, Price: 11.4597
Amount: 1, Action: BUY, StockId: 4, Price: 94.58
Amount: 1, Action: BUY, StockId: 5, Price: 20.97
Amount: 1, Action: SELL, StockId: 6, Price: 111.7401
Amount: 1, Action: BUY, StockId: 10, Price: 63.1428
Amount: 1, Action: SELL, StockId: 17, Price: 90.7579
Amount: 1, Action: BUY, StockId: 27, Price: 42.54
Amount: 1, Action: BUY, StockId: 24, Price: 74.5566
Amount: 1, Action: SELL, StockId: 28, Price: 67.9715
Amount: 1, Action: SELL, StockId: 26, Price: 85.3197
Amount: 1, Action: BUY, StockId: 18, Price: 96.5537
Amount: 1, Action: BUY, StockId: 5, Price: 20.97
Amount: 1, Action: SELL, StockId: 4, Price: 94.58
Amount: 1, Action: BUY, StockId: 1, Price: 61.23
Amount: 1, Action: BUY, StockId: 13, Price: 21.6721
Amount: 1, Action: SELL, StockId: 17, Price: 90.7678
Amount: 1, Action: SELL, StockId: 16, Price: 36.7142
Amount: 1, Action: BUY, StockId: 22, Price: 69.1196
Amount: 1, Action: SELL, StockId: 23, Price: 34.03
Amount: 1, Action: SELL, StockId: 28, Price: 67.9814
Amount: 1, Action: SELL, StockId: 24, Price: 74.5566
Amount: 1, Action: BUY, StockId: 29, Price: 88.902
Amount: 1, Action: BUY, StockId: 30, Price: 134.1123
Amount: 1, Action: SELL, StockId: 12, Price: 191.9023
Amount: 1, Action: BUY, StockId: 22, Price: 69.0998
Amount: 1, Action: BUY, StockId: 14, Price: 71.9654
Amount: 1, Action: SELL, StockId: 3, Price: 11.4797
Amount: 1, Action: BUY, StockId: 1, Price: 61.15
Amount: 1, Action: BUY, StockId: 15, Price: 45.86
Amount: 1, Action: SELL, StockId: 18, Price: 96.4742
Amount: 1, Action: BUY, StockId: 20, Price: 26.5551
Amount: 1, Action: BUY, StockId: 27, Price: 42.51
Amount: 1, Action: BUY, StockId: 30, Price: 133.9731
Amount: 1, Action: BUY, StockId: 8, Price: 50.56
Amount: 1, Action: BUY, StockId: 1, Price: 61.21
Amount: 1, Action: SELL, StockId: 2, Price: 75.9323
Amount: 1, Action: SELL, StockId: 12, Price: 191.7429
Amount: 1, Action: SELL, StockId: 6, Price: 111.8988
Amount: 1, Action: BUY, StockId: 24, Price: 74.5268
Amount: 1, Action: SELL, StockId: 30, Price: 134.0328
Amount: 1, Action: BUY, StockId: 28, Price: 67.8721
Amount: 1, Action: BUY, StockId: 24, Price: 74.5069
Amount: 1, Action: BUY, StockId: 0, Price: 8.8602
Amount: 1, Action: SELL, StockId: 25, Price: 53.0934
Amount: 1, Action: BUY, StockId: 20, Price: 26.808
Amount: 1, Action: BUY, StockId: 16, Price: 36.5653
Amount: 1, Action: SELL, StockId: 14, Price: 71.6271
Amount: 1, Action: BUY, StockId: 22, Price: 68.9807
Amount: 1, Action: SELL, StockId: 14, Price: 71.6271
Amount: 1, Action: BUY, StockId: 21, Price: 26.3398
Amount: 1, Action: BUY, StockId: 16, Price: 36.6249
Amount: 1, Action: SELL, StockId: 22, Price: 68.9708
Amount: 1, Action: SELL, StockId: 12, Price: 190.2392
Amount: 1, Action: BUY, StockId: 1, Price: 60.73
Amount: 1, Action: BUY, StockId: 18, Price: 96.6332
Amount: 1, Action: BUY, StockId: 26, Price: 84.9916
Amount: 1, Action: SELL, StockId: 24, Price: 74.7952
Amount: 1, Action: BUY, StockId: 27, Price: 42.49
Amount: 1, Action: BUY, StockId: 8, Price: 50.63
Amount: 1, Action: SELL, StockId: 14, Price: 71.6171
Amount: 1, Action: BUY, StockId: 22, Price: 69.0303
Amount: 1, Action: BUY, StockId: 29, Price: 88.6636
Amount: 1, Action: SELL, StockId: 14, Price: 71.5576
Amount: 1, Action: BUY, StockId: 20, Price: 26.6841
Amount: 1, Action: SELL, StockId: 29, Price: 88.6139
Amount: 1, Action: SELL, StockId: 4, Price: 95.19
Amount: 1, Action: SELL, StockId: 5, Price: 20.8
Amount: 1, Action: BUY, StockId: 17, Price: 90.4503
Amount: 1, Action: BUY, StockId: 24, Price: 74.7853
Amount: 1, Action: BUY, StockId: 18, Price: 96.5835
Amount: 1, Action: SELL, StockId: 27, Price: 42.44
Amount: 1, Action: BUY, StockId: 28, Price: 67.8423
Amount: 1, Action: SELL, StockId: 2, Price: 76.1707
Amount: 1, Action: BUY, StockId: 9, Price: 20.8891
Amount: 1, Action: SELL, StockId: 25, Price: 53.3225
Amount: 1, Action: BUY, StockId: 1, Price: 60.62
Amount: 1, Action: BUY, StockId: 13, Price: 21.7364
Amount: 1, Action: BUY, StockId: 18, Price: 96.5935
Amount: 1, Action: BUY, StockId: 19, Price: 42.8866
Amount: 1, Action: BUY, StockId: 24, Price: 74.7654
Amount: 1, Action: BUY, StockId: 27, Price: 42.36
Amount: 1, Action: BUY, StockId: 5, Price: 20.875
Amount: 1, Action: SELL, StockId: 1, Price: 60.6
Amount: 1, Action: BUY, StockId: 23, Price: 33.83
Amount: 1, Action: SELL, StockId: 24, Price: 74.8052
Amount: 1, Action: SELL, StockId: 28, Price: 67.892
Amount: 1, Action: SELL, StockId: 11, Price: 16.3267
Amount: 1, Action: BUY, StockId: 19, Price: 42.7876
Amount: 1, Action: BUY, StockId: 22, Price: 69.2386
Amount: 1, Action: SELL, StockId: 23, Price: 33.84
Amount: 1, Action: SELL, StockId: 29, Price: 88.5741
Amount: 1, Action: BUY, StockId: 22, Price: 69.2386
Amount: 1, Action: SELL, StockId: 29, Price: 88.594
Amount: 1, Action: BUY, StockId: 14, Price: 71.6667
Amount: 1, Action: BUY, StockId: 5, Price: 20.9
Amount: 1, Action: SELL, StockId: 4, Price: 95.65
Amount: 1, Action: SELL, StockId: 11, Price: 16.3466
Amount: 1, Action: SELL, StockId: 24, Price: 74.9842
Amount: 1, Action: SELL, StockId: 23, Price: 33.9
Amount: 1, Action: SELL, StockId: 1, Price: 60.74
Amount: 1, Action: SELL, StockId: 11, Price: 16.3466
Amount: 1, Action: BUY, StockId: 13, Price: 21.677
Amount: 1, Action: BUY, StockId: 17, Price: 90.5297
Amount: 1, Action: BUY, StockId: 15, Price: 45.96
Amount: 1, Action: SELL, StockId: 24, Price: 74.9742
Amount: 1, Action: BUY, StockId: 30, Price: 134.0626
Amount: 1, Action: SELL, StockId: 16, Price: 36.8731
Amount: 1, Action: SELL, StockId: 22, Price: 69.199
Amount: 1, Action: BUY, StockId: 14, Price: 71.637
Amount: 1, Action: BUY, StockId: 16, Price: 36.8731
Amount: 1, Action: SELL, StockId: 21, Price: 26.3398
Amount: 1, Action: SELL, StockId: 22, Price: 69.189
Amount: 1, Action: SELL, StockId: 23, Price: 33.91
Amount: 1, Action: BUY, StockId: 27, Price: 42.31
Amount: 1, Action: SELL, StockId: 24, Price: 74.9941
Amount: 1, Action: SELL, StockId: 8, Price: 50.9
Amount: 1, Action: BUY, StockId: 12, Price: 190.7869
Amount: 1, Action: SELL, StockId: 16, Price: 36.881
Amount: 1, Action: BUY, StockId: 22, Price: 69.189
Amount: 1, Action: SELL, StockId: 29, Price: 88.7331
Amount: 1, Action: SELL, StockId: 14, Price: 71.6072
Amount: 1, Action: BUY, StockId: 22, Price: 69.189
Amount: 1, Action: SELL, StockId: 29, Price: 88.7927
Amount: 1, Action: BUY, StockId: 5, Price: 20.935
Amount: 1, Action: BUY, StockId: 15, Price: 46.07
Amount: 1, Action: BUY, StockId: 26, Price: 85.3594
Amount: 1, Action: SELL, StockId: 2, Price: 76.0912
Amount: 1, Action: SELL, StockId: 22, Price: 69.1692
Amount: 1, Action: BUY, StockId: 3, Price: 11.4927
Amount: 1, Action: SELL, StockId: 16, Price: 36.9624
Amount: 1, Action: BUY, StockId: 3, Price: 11.4397
Amount: 1, Action: SELL, StockId: 8, Price: 50.95
Amount: 1, Action: BUY, StockId: 12, Price: 191.1952
Amount: 1, Action: BUY, StockId: 9, Price: 21.0279
Amount: 1, Action: SELL, StockId: 25, Price: 53.5417
Amount: 1, Action: BUY, StockId: 14, Price: 71.6965
Amount: 1, Action: BUY, StockId: 22, Price: 69.3279
Amount: 1, Action: BUY, StockId: 16, Price: 37.0518
Amount: 1, Action: BUY, StockId: 29, Price: 88.8027
